<?xml version="1.0" encoding="UTF-8"?>
<!-- Generated by org.testng.reporters.JUnitReportReporter -->
<testsuite hostname="pranit4187" failures="0" tests="1" name="test.test.project.TestDemo" time="4.399" errors="0" timestamp="2024-12-30T13:19:14 IST" skipped="0">
  <testcase classname="test.test.project.TestDemo" name="getAllBookings" time="4.399"/>
</testsuite> <!-- test.test.project.TestDemo -->
